<?xml version="1.0" encoding="UTF-8"?>
<testsuite name="Returns result for stackExchange badges API for Tags" tests="5" skipped="0" failures="0" errors="0" timestamp="2024-02-07T09:15:25" hostname="ANIKETs-MacBook-Pro.local" time="8.646">
  <properties/>
  <testcase name="Get the badges identified by tags." classname="Returns result for stackExchange badges API for Tags" time="1.876"/>
  <testcase name="To verify get badges endpoint returns error response for incorrect tags #1" classname="Returns result for stackExchange badges API for Tags" time="1.834"/>
  <testcase name="To verify get badges endpoint returns error response for incorrect tags #2" classname="Returns result for stackExchange badges API for Tags" time="1.622"/>
  <testcase name="To verify get badges endpoint returns error response for incorrect tags #3" classname="Returns result for stackExchange badges API for Tags" time="1.536"/>
  <testcase name="To verify get badges endpoint returns correct error message for incorrect tags" classname="Returns result for stackExchange badges API for Tags" time="1.778"/>
  <system-out><![CDATA[
@BadgesAPI @HappyPath
Scenario Outline: Get the badges identified by tags.              # src/test/resources/cucumber.features/GetBadgesTags.feature:10
07-02-2024 14:45:27.170 ?[35m[Test worker]?[0;39m ?[34mINFO ?[0;39m c.e.s.filter.RestAssuredLogFilter.logRequest - ## Request details: [52b1c3cd-080d-4792-a555-69f8e20fd242] ##
Request method:	GET
Request path:	https://api.stackexchange.com/2.3/badges/tags?order=desc&sort=rank&site=stackoverflow
Request params:	<none>
Query params:	order=desc
				sort=rank
				site=stackoverflow
Path params:	<none>
Headers:		Accept=*/*
Body:			<none>
07-02-2024 14:45:27.174 ?[35m[Test worker]?[0;39m ?[34mINFO ?[0;39m c.e.s.filter.RestAssuredLogFilter.logResponse - ## Response details: [52b1c3cd-080d-4792-a555-69f8e20fd242] ##
HTTP/1.1 200 OK
cache-control: private
content-length: 738
content-type: application/json; charset=utf-8
content-encoding: gzip
strict-transport-security: max-age=15552000
access-control-allow-origin: *
access-control-allow-methods: GET, POST
access-control-allow-credentials: false
x-content-type-options: nosniff
x-request-guid: af63ef50-0d1c-43b5-a820-1270d73afe15
set-cookie: prov=a80fa5b8-1f2f-40ee-828c-00086eb14a97; expires=Fri, 07 Feb 2025 09:15:26 GMT; domain=.stackexchange.com; path=/; secure; samesite=none; httponly
content-security-policy: upgrade-insecure-requests; frame-ancestors 'self' https://stackexchange.com
date: Wed, 07 Feb 2024 09:15:26 GMT
prov=a80fa5b8-1f2f-40ee-828c-00086eb14a97;Path=/;Domain=.stackexchange.com;Secure;HttpOnly;Expires=07/02/2025, 09:15{
    "items": [
        {
            "badge_type": "tag_based",
            "award_count": 1276,
            "rank": "bronze",
            "badge_id": 899,
            "link": "https://stackoverflow.com/badges/899/node-js",
            "name": "node.js"
        },
        {
            "badge_type": "tag_based",
            "award_count": 1,
            "rank": "bronze",
            "badge_id": 6505,
            "link": "https://stackoverflow.com/badges/6505/nodemcu",
            "name": "nodemcu"
        },
        {
            "badge_type": "tag_based",
            "award_count": 2,
            "rank": "bronze",
            "badge_id": 7955,
            "link": "https://stackoverflow.com/badges/7955/node-modules",
            "name": "node-modules"
        },
        {
            "badge_type": "tag_based",
            "award_count": 1,
            "rank": "bronze",
            "badge_id": 6978,
            "link": "https://stackoverflow.com/badges/6978/node-mongodb-native",
            "name": "node-mongodb-native"
        },
        {
            "badge_type": "tag_based",
            "award_count": 1,
            "rank": "bronze",
            "badge_id": 10894,
            "link": "https://stackoverflow.com/badges/10894/node-oracledb",
            "name": "node-oracledb"
        },
        {
            "badge_type": "tag_based",
            "award_count": 1,
            "rank": "bronze",
            "badge_id": 10162,
            "link": "https://stackoverflow.com/badges/10162/node-postgres",
            "name": "node-postgres"
        },
        {
            "badge_type": "tag_based",
            "award_count": 2,
            "rank": "bronze",
            "badge_id": 6458,
            "link": "https://stackoverflow.com/badges/6458/node-red",
            "name": "node-red"
        },
        {
            "badge_type": "tag_based",
            "award_count": 1,
            "rank": "bronze",
            "badge_id": 10140,
            "link": "https://stackoverflow.com/badges/10140/node-sass",
            "name": "node-sass"
        },
        {
            "badge_type": "tag_based",
            "award_count": 12,
            "rank": "bronze",
            "badge_id": 1458,
            "link": "https://stackoverflow.com/badges/1458/nokogiri",
            "name": "nokogiri"
        },
        {
            "badge_type": "tag_based",
            "award_count": 1,
            "rank": "bronze",
            "badge_id": 8773,
            "link": "https://stackoverflow.com/badges/8773/nonblocking",
            "name": "nonblocking"
        },
        {
            "badge_type": "tag_based",
            "award_count": 1,
            "rank": "bronze",
            "badge_id": 5105,
            "link": "https://stackoverflow.com/badges/5105/non-clustered-index",
            "name": "non-clustered-index"
        },
        {
            "badge_type": "tag_based",
            "award_count": 1,
            "rank": "bronze",
            "badge_id": 5179,
            "link": "https://stackoverflow.com/badges/5179/nonetype",
            "name": "nonetype"
        },
        {
            "badge_type": "tag_based",
            "award_count": 2,
            "rank": "bronze",
            "badge_id": 2495,
            "link": "https://stackoverflow.com/badges/2495/normalization",
            "name": "normalization"
        },
        {
            "badge_type": "tag_based",
            "award_count": 1,
            "rank": "bronze",
            "badge_id": 6060,
            "link": "https://stackoverflow.com/badges/6060/normals",
            "name": "normals"
        },
        {
            "badge_type": "tag_based",
            "award_count": 2,
            "rank": "bronze",
            "badge_id": 5922,
            "link": "https://stackoverflow.com/badges/5922/nose",
            "name": "nose"
        },
        {
            "badge_type": "tag_based",
            "award_count": 37,
            "rank": "bronze",
            "badge_id": 1007,
            "link": "https://stackoverflow.com/badges/1007/nosql",
            "name": "nosql"
        },
        {
            "badge_type": "tag_based",
            "award_count": 17,
            "rank": "bronze",
            "badge_id": 1717,
            "link": "https://stackoverflow.com/badges/1717/notepad",
            "name": "notepad++"
        },
        {
            "badge_type": "tag_based",
            "award_count": 5,
            "rank": "bronze",
            "badge_id": 1720,
            "link": "https://stackoverflow.com/badges/1720/notifications",
            "name": "notifications"
        },
        {
            "badge_type": "tag_based",
            "award_count": 1,
            "rank": "bronze",
            "badge_id": 10948,
            "link": "https://stackoverflow.com/badges/10948/notify",
            "name": "notify"
        },
        {
            "badge_type": "tag_based",
            "award_count": 1,
            "rank": "bronze",
            "badge_id": 4900,
            "link": "https://stackoverflow.com/badges/4900/notifyicon",
            "name": "notifyicon"
        },
        {
            "badge_type": "tag_based",
            "award_count": 1,
            "rank": "bronze",
            "badge_id": 9002,
            "link": "https://stackoverflow.com/badges/9002/nouislider",
            "name": "nouislider"
        },
        {
            "badge_type": "tag_based",
            "award_count": 1,
            "rank": "bronze",
            "badge_id": 4581,
            "link": "https://stackoverflow.com/badges/4581/np",
            "name": "np"
        },
        {
            "badge_type": "tag_based",
            "award_count": 3,
            "rank": "bronze",
            "badge_id": 1462,
            "link": "https://stackoverflow.com/badges/1462/npapi",
            "name": "npapi"
        },
        {
            "badge_type": "tag_based",
            "award_count": 1,
            "rank": "bronze",
            "badge_id": 6547,
            "link": "https://stackoverflow.com/badges/6547/npgsql",
            "name": "npgsql"
        },
        {
            "badge_type": "tag_based",
            "award_count": 43,
            "rank": "bronze",
            "badge_id": 3310,
            "link": "https://stackoverflow.com/badges/3310/npm",
            "name": "npm"
        },
        {
            "badge_type": "tag_based",
            "award_count": 1,
            "rank": "bronze",
            "badge_id": 11624,
            "link": "https://stackoverflow.com/badges/11624/npm-install",
            "name": "npm-install"
        },
        {
            "badge_type": "tag_based",
            "award_count": 1,
            "rank": "bronze",
            "badge_id": 8452,
            "link": "https://stackoverflow.com/badges/8452/npm-scripts",
            "name": "npm-scripts"
        },
        {
            "badge_type": "tag_based",
            "award_count": 18,
            "rank": "bronze",
            "badge_id": 999,
            "link": "https://stackoverflow.com/badges/999/nsarray",
            "name": "nsarray"
        },
        {
            "badge_type": "tag_based",
            "award_count": 1,
            "rank": "bronze",
            "badge_id": 8455,
            "link": "https://stackoverflow.com/badges/8455/nsarraycontroller",
            "name": "nsarraycontroller"
        },
        {
            "badge_type": "tag_based",
            "award_count": 4,
            "rank": "bronze",
            "badge_id": 5675,
            "link": "https://stackoverflow.com/badges/5675/nsattributedstring",
            "name": "nsattributedstring"
        }
    ],
    "has_more": true,
    "quota_max": 300,
    "quota_remaining": 274
}

  Given user call the get endpoint to get badges "ALL" for 'tags' # com.example.stackExchange.stepdefs.GeneralSteps.usercallthegetendpointtotogetbadges(java.lang.String,java.lang.String)
  Then user receive a 200 HTTP response                           # com.example.stackExchange.stepdefs.GeneralSteps.userreceivehttpresponse(java.lang.Integer)

@BadgesAPI @UnhappyPath
Scenario Outline: To verify get badges endpoint returns error response for incorrect tags # src/test/resources/cucumber.features/GetBadgesTags.feature:18
07-02-2024 14:45:28.997 ?[35m[Test worker]?[0;39m ?[34mINFO ?[0;39m c.e.s.filter.RestAssuredLogFilter.logRequest - ## Request details: [3cb7a5cf-b844-4e60-8878-972ca684c739] ##
Request method:	GET
Request path:	https://api.stackexchange.com/2.3/badges/111ee/tags?order=desc&sort=rank&site=stackoverflow
Request params:	<none>
Query params:	order=desc
				sort=rank
				site=stackoverflow
Path params:	<none>
Headers:		Accept=*/*
Body:			<none>
07-02-2024 14:45:29.001 ?[35m[Test worker]?[0;39m ?[34mINFO ?[0;39m c.e.s.filter.RestAssuredLogFilter.logResponse - ## Response details: [3cb7a5cf-b844-4e60-8878-972ca684c739] ##
HTTP/1.1 400 Bad Request
cache-control: private
content-length: 97
content-type: application/json; charset=utf-8
content-encoding: gzip
strict-transport-security: max-age=15552000
x-error-status: 404
x-error-name: no_method
x-error-message: no method found with this name
access-control-allow-origin: *
access-control-allow-methods: GET, POST
access-control-allow-credentials: false
x-content-type-options: nosniff
x-request-guid: e0b1a679-ab83-477f-8888-7e51a903f47f
set-cookie: prov=770abeeb-41cd-43e1-8814-069aa1af67fd; expires=Fri, 07 Feb 2025 09:15:28 GMT; domain=.stackexchange.com; path=/; secure; samesite=none; httponly
content-security-policy: upgrade-insecure-requests; frame-ancestors 'self' https://stackexchange.com
date: Wed, 07 Feb 2024 09:15:28 GMT
prov=770abeeb-41cd-43e1-8814-069aa1af67fd;Path=/;Domain=.stackexchange.com;Secure;HttpOnly;Expires=07/02/2025, 09:15{
    "error_id": 404,
    "error_message": "no method found with this name",
    "error_name": "no_method"
}

  Given user call the get endpoint to get badges "111ee" for 'tags'                       # com.example.stackExchange.stepdefs.GeneralSteps.usercallthegetendpointtotogetbadges(java.lang.String,java.lang.String)
  Then user receive a 400 HTTP response                                                   # com.example.stackExchange.stepdefs.GeneralSteps.userreceivehttpresponse(java.lang.Integer)

@BadgesAPI @UnhappyPath
Scenario Outline: To verify get badges endpoint returns error response for incorrect tags # src/test/resources/cucumber.features/GetBadgesTags.feature:19
07-02-2024 14:45:30.629 ?[35m[Test worker]?[0;39m ?[34mINFO ?[0;39m c.e.s.filter.RestAssuredLogFilter.logRequest - ## Request details: [d98e4b9e-1543-4cc7-b32b-0003bb2e02db] ##
Request method:	GET
Request path:	https://api.stackexchange.com/2.3/badges/269/tags?order=desc&sort=rank&site=stackoverflow
Request params:	<none>
Query params:	order=desc
				sort=rank
				site=stackoverflow
Path params:	<none>
Headers:		Accept=*/*
Body:			<none>
07-02-2024 14:45:30.630 ?[35m[Test worker]?[0;39m ?[34mINFO ?[0;39m c.e.s.filter.RestAssuredLogFilter.logResponse - ## Response details: [d98e4b9e-1543-4cc7-b32b-0003bb2e02db] ##
HTTP/1.1 400 Bad Request
cache-control: private
content-length: 97
content-type: application/json; charset=utf-8
content-encoding: gzip
strict-transport-security: max-age=15552000
x-error-status: 404
x-error-name: no_method
x-error-message: no method found with this name
access-control-allow-origin: *
access-control-allow-methods: GET, POST
access-control-allow-credentials: false
x-content-type-options: nosniff
x-request-guid: 95bbf6b1-bf0c-42da-a478-465b18eff3f0
set-cookie: prov=0d2e91b1-6cdf-4bae-8b4e-05312acf6397; expires=Fri, 07 Feb 2025 09:15:30 GMT; domain=.stackexchange.com; path=/; secure; samesite=none; httponly
content-security-policy: upgrade-insecure-requests; frame-ancestors 'self' https://stackexchange.com
date: Wed, 07 Feb 2024 09:15:30 GMT
prov=0d2e91b1-6cdf-4bae-8b4e-05312acf6397;Path=/;Domain=.stackexchange.com;Secure;HttpOnly;Expires=07/02/2025, 09:15{
    "error_id": 404,
    "error_message": "no method found with this name",
    "error_name": "no_method"
}

  Given user call the get endpoint to get badges "269" for 'tags'                         # com.example.stackExchange.stepdefs.GeneralSteps.usercallthegetendpointtotogetbadges(java.lang.String,java.lang.String)
  Then user receive a 400 HTTP response                                                   # com.example.stackExchange.stepdefs.GeneralSteps.userreceivehttpresponse(java.lang.Integer)

@BadgesAPI @UnhappyPath
Scenario Outline: To verify get badges endpoint returns error response for incorrect tags # src/test/resources/cucumber.features/GetBadgesTags.feature:20
07-02-2024 14:45:32.166 ?[35m[Test worker]?[0;39m ?[34mINFO ?[0;39m c.e.s.filter.RestAssuredLogFilter.logRequest - ## Request details: [db4a89b3-2b0e-49b3-9bed-3c09d7335e21] ##
Request method:	GET
Request path:	https://api.stackexchange.com/2.3/badges%2F%2Ftags?order=desc&sort=rank&site=stackoverflow
Request params:	<none>
Query params:	order=desc
				sort=rank
				site=stackoverflow
Path params:	<none>
Headers:		Accept=*/*
Body:			<none>
07-02-2024 14:45:32.167 ?[35m[Test worker]?[0;39m ?[34mINFO ?[0;39m c.e.s.filter.RestAssuredLogFilter.logResponse - ## Response details: [db4a89b3-2b0e-49b3-9bed-3c09d7335e21] ##
HTTP/1.1 400 Bad Request
cache-control: private
content-length: 97
content-type: application/json; charset=utf-8
content-encoding: gzip
strict-transport-security: max-age=15552000
x-error-status: 404
x-error-name: no_method
x-error-message: no method found with this name
access-control-allow-origin: *
access-control-allow-methods: GET, POST
access-control-allow-credentials: false
x-content-type-options: nosniff
x-request-guid: 94ae8d0f-a173-4674-8dad-91cec46a874b
set-cookie: prov=38ce3a1b-f401-474e-958d-98b325bd82c6; expires=Fri, 07 Feb 2025 09:15:32 GMT; domain=.stackexchange.com; path=/; secure; samesite=none; httponly
content-security-policy: upgrade-insecure-requests; frame-ancestors 'self' https://stackexchange.com
date: Wed, 07 Feb 2024 09:15:32 GMT
prov=38ce3a1b-f401-474e-958d-98b325bd82c6;Path=/;Domain=.stackexchange.com;Secure;HttpOnly;Expires=07/02/2025, 09:15{
    "error_id": 404,
    "error_message": "no method found with this name",
    "error_name": "no_method"
}

  Given user call the get endpoint to get badges "" for 'tags'                            # com.example.stackExchange.stepdefs.GeneralSteps.usercallthegetendpointtotogetbadges(java.lang.String,java.lang.String)
  Then user receive a 400 HTTP response                                                   # com.example.stackExchange.stepdefs.GeneralSteps.userreceivehttpresponse(java.lang.Integer)

@BadgesAPI @UnhappyPath
Scenario Outline: To verify get badges endpoint returns correct error message for incorrect tags # src/test/resources/cucumber.features/GetBadgesTags.feature:31
07-02-2024 14:45:33.889 ?[35m[Test worker]?[0;39m ?[34mINFO ?[0;39m c.e.s.filter.RestAssuredLogFilter.logRequest - ## Request details: [4056eb93-26b2-4c49-a048-06242476fb41] ##
Request method:	GET
Request path:	https://api.stackexchange.com/2.3/badges/555yt/tags?order=desc&sort=rank&site=stackoverflow
Request params:	<none>
Query params:	order=desc
				sort=rank
				site=stackoverflow
Path params:	<none>
Headers:		Accept=*/*
Body:			<none>
07-02-2024 14:45:33.893 ?[35m[Test worker]?[0;39m ?[34mINFO ?[0;39m c.e.s.filter.RestAssuredLogFilter.logResponse - ## Response details: [4056eb93-26b2-4c49-a048-06242476fb41] ##
HTTP/1.1 400 Bad Request
cache-control: private
content-length: 97
content-type: application/json; charset=utf-8
content-encoding: gzip
strict-transport-security: max-age=15552000
x-error-status: 404
x-error-name: no_method
x-error-message: no method found with this name
access-control-allow-origin: *
access-control-allow-methods: GET, POST
access-control-allow-credentials: false
x-content-type-options: nosniff
x-request-guid: 027928b2-d85e-428f-8d4a-3af1b4aa192b
set-cookie: prov=daca6b87-a647-480e-afdf-6d0d588df46b; expires=Fri, 07 Feb 2025 09:15:33 GMT; domain=.stackexchange.com; path=/; secure; samesite=none; httponly
content-security-policy: upgrade-insecure-requests; frame-ancestors 'self' https://stackexchange.com
date: Wed, 07 Feb 2024 09:15:33 GMT
prov=daca6b87-a647-480e-afdf-6d0d588df46b;Path=/;Domain=.stackexchange.com;Secure;HttpOnly;Expires=07/02/2025, 09:15{
    "error_id": 404,
    "error_message": "no method found with this name",
    "error_name": "no_method"
}

  Given user call the get endpoint to get badges "555yt" for 'tags'                              # com.example.stackExchange.stepdefs.GeneralSteps.usercallthegetendpointtotogetbadges(java.lang.String,java.lang.String)
  Then user receive a 400 HTTP response                                                          # com.example.stackExchange.stepdefs.GeneralSteps.userreceivehttpresponse(java.lang.Integer)
  And verify response parameters are available                                                   # com.example.stackExchange.stepdefs.GeneralSteps.verifyresponseparametersavailable(java.util.List<java.util.List<java.lang.String>>)
]]></system-out>
  <system-err><![CDATA[]]></system-err>
</testsuite>
