<?xml version="1.0" encoding="UTF-8"?>
<testsuite name="Returns result for stackExchange badges API #2" tests="5" skipped="0" failures="0" errors="0" timestamp="2024-02-07T09:15:33" hostname="ANIKETs-MacBook-Pro.local" time="8.483">
  <properties/>
  <testcase name="Get badges recently awarded on the site. #1" classname="Returns result for stackExchange badges API #2" time="1.721"/>
  <testcase name="Get badges recently awarded on the site. #2" classname="Returns result for stackExchange badges API #2" time="1.625"/>
  <testcase name="To verify get badges endpoint returns error response for incorrect badge id for recipients #1" classname="Returns result for stackExchange badges API #2" time="1.646"/>
  <testcase name="To verify get badges endpoint returns error response for incorrect badge id for recipients #2" classname="Returns result for stackExchange badges API #2" time="1.642"/>
  <testcase name="To verify get badges endpoint returns error response for incorrect badge id for recipients #3" classname="Returns result for stackExchange badges API #2" time="1.848"/>
  <system-out><![CDATA[
@BadgesAPI @HappyPath
Scenario Outline: Get badges recently awarded on the site.              # src/test/resources/cucumber.features/GetRecipients.feature:10
07-02-2024 14:45:35.650 ?[35m[Test worker]?[0;39m ?[34mINFO ?[0;39m c.e.s.filter.RestAssuredLogFilter.logRequest - ## Request details: [6c6022ba-8e86-4147-87fe-3bc586b8336c] ##
Request method:	GET
Request path:	https://api.stackexchange.com/2.3/badges/recipients?site=stackoverflow
Request params:	<none>
Query params:	site=stackoverflow
Path params:	<none>
Headers:		Accept=*/*
Body:			<none>
07-02-2024 14:45:35.662 ?[35m[Test worker]?[0;39m ?[34mINFO ?[0;39m c.e.s.filter.RestAssuredLogFilter.logResponse - ## Response details: [6c6022ba-8e86-4147-87fe-3bc586b8336c] ##
HTTP/1.1 200 OK
cache-control: private
content-length: 2350
content-type: application/json; charset=utf-8
content-encoding: gzip
strict-transport-security: max-age=15552000
access-control-allow-origin: *
access-control-allow-methods: GET, POST
access-control-allow-credentials: false
x-content-type-options: nosniff
x-request-guid: b5059e08-4290-4598-9e12-b7b4493cca0e
set-cookie: prov=e7a105ca-e4fc-4c79-9102-47daa17a85b3; expires=Fri, 07 Feb 2025 09:15:35 GMT; domain=.stackexchange.com; path=/; secure; samesite=none; httponly
content-security-policy: upgrade-insecure-requests; frame-ancestors 'self' https://stackexchange.com
date: Wed, 07 Feb 2024 09:15:35 GMT
prov=e7a105ca-e4fc-4c79-9102-47daa17a85b3;Path=/;Domain=.stackexchange.com;Secure;HttpOnly;Expires=07/02/2025, 09:15{
    "items": [
        {
            "user": {
                "account_id": 30481842,
                "reputation": 1,
                "user_id": 23359177,
                "user_type": "registered",
                "profile_image": "https://lh3.googleusercontent.com/a/ACg8ocKziqtKNJle5uskEOavYkhkTK2hfhgtOXdkup2oOk0h=k-s256",
                "display_name": "OP SHIVA",
                "link": "https://stackoverflow.com/users/23359177/op-shiva"
            },
            "badge_type": "named",
            "rank": "bronze",
            "badge_id": 2600,
            "link": "https://stackoverflow.com/badges/2600/informed",
            "name": "Informed"
        },
        {
            "user": {
                "account_id": 30481911,
                "reputation": 1,
                "user_id": 23359231,
                "user_type": "registered",
                "profile_image": "https://www.gravatar.com/avatar/1c91bd869dbc625534c1b60d22427954?s=256&d=identicon&r=PG&f=y&so-version=2",
                "display_name": "Muhd Salis",
                "link": "https://stackoverflow.com/users/23359231/muhd-salis"
            },
            "badge_type": "named",
            "rank": "bronze",
            "badge_id": 2600,
            "link": "https://stackoverflow.com/badges/2600/informed",
            "name": "Informed"
        },
        {
            "user": {
                "account_id": 30393451,
                "reputation": 1,
                "user_id": 23359236,
                "user_type": "registered",
                "profile_image": "https://i.stack.imgur.com/Xm7dc.jpg?s=256&g=1",
                "display_name": "Iyro Solar",
                "link": "https://stackoverflow.com/users/23359236/iyro-solar"
            },
            "badge_type": "named",
            "rank": "bronze",
            "badge_id": 9,
            "link": "https://stackoverflow.com/badges/9/autobiographer",
            "name": "Autobiographer"
        },
        {
            "user": {
                "account_id": 30481898,
                "reputation": 1,
                "user_id": 23359220,
                "user_type": "registered",
                "profile_image": "https://www.gravatar.com/avatar/8c4f35066a9792b1c804e1b1245f8e71?s=256&d=identicon&r=PG",
                "display_name": "Citron Tours",
                "link": "https://stackoverflow.com/users/23359220/citron-tours"
            },
            "badge_type": "named",
            "rank": "bronze",
            "badge_id": 9,
            "link": "https://stackoverflow.com/badges/9/autobiographer",
            "name": "Autobiographer"
        },
        {
            "user": {
                "account_id": 30481877,
                "reputation": 1,
                "user_id": 23359215,
                "user_type": "registered",
                "profile_image": "https://www.gravatar.com/avatar/97c0058e67bff9b07aefeaf2696709e8?s=256&d=identicon&r=PG&f=y&so-version=2",
                "display_name": "tocana lyzer",
                "link": "https://stackoverflow.com/users/23359215/tocana-lyzer"
            },
            "badge_type": "named",
            "rank": "bronze",
            "badge_id": 9,
            "link": "https://stackoverflow.com/badges/9/autobiographer",
            "name": "Autobiographer"
        },
        {
            "user": {
                "account_id": 30481808,
                "reputation": 1,
                "user_id": 23359146,
                "user_type": "registered",
                "profile_image": "https://www.gravatar.com/avatar/1967e9cc38d45d599a33701a78292437?s=256&d=identicon&r=PG&f=y&so-version=2",
                "display_name": "Vincent Power",
                "link": "https://stackoverflow.com/users/23359146/vincent-power"
            },
            "badge_type": "named",
            "rank": "bronze",
            "badge_id": 9,
            "link": "https://stackoverflow.com/badges/9/autobiographer",
            "name": "Autobiographer"
        },
        {
            "user": {
                "account_id": 30481759,
                "reputation": 1,
                "user_id": 23359107,
                "user_type": "registered",
                "profile_image": "https://www.gravatar.com/avatar/84cf6b8bca37ff28b2c9318535bded1d?s=256&d=identicon&r=PG&f=y&so-version=2",
                "display_name": "Parsons Haagensen",
                "link": "https://stackoverflow.com/users/23359107/parsons-haagensen"
            },
            "badge_type": "named",
            "rank": "bronze",
            "badge_id": 9,
            "link": "https://stackoverflow.com/badges/9/autobiographer",
            "name": "Autobiographer"
        },
        {
            "user": {
                "account_id": 30476633,
                "reputation": 1,
                "user_id": 23355232,
                "user_type": "registered",
                "profile_image": "https://i.stack.imgur.com/W1PUR.jpg?s=256&g=1",
                "display_name": "user23355232",
                "link": "https://stackoverflow.com/users/23355232/user23355232"
            },
            "badge_type": "named",
            "rank": "bronze",
            "badge_id": 3,
            "link": "https://stackoverflow.com/badges/3/editor",
            "name": "Editor"
        },
        {
            "user": {
                "account_id": 18213766,
                "reputation": 1,
                "user_id": 13255768,
                "user_type": "registered",
                "profile_image": "https://www.gravatar.com/avatar/13746be09d5173b2e935b69a24bfcda5?s=256&d=identicon&r=PG&f=y&so-version=2",
                "display_name": "Manish Kahodariya",
                "link": "https://stackoverflow.com/users/13255768/manish-kahodariya"
            },
            "badge_type": "named",
            "rank": "bronze",
            "badge_id": 3,
            "link": "https://stackoverflow.com/badges/3/editor",
            "name": "Editor"
        },
        {
            "user": {
                "account_id": 29546864,
                "reputation": 1,
                "user_id": 22644405,
                "user_type": "registered",
                "profile_image": "https://www.gravatar.com/avatar/cd19e4ef3a6ac6e8b26e73e37f2deaf6?s=256&d=identicon&r=PG&f=y&so-version=2",
                "display_name": "Bl4k3",
                "link": "https://stackoverflow.com/users/22644405/bl4k3"
            },
            "badge_type": "named",
            "rank": "bronze",
            "badge_id": 3,
            "link": "https://stackoverflow.com/badges/3/editor",
            "name": "Editor"
        },
        {
            "user": {
                "account_id": 2940217,
                "reputation": 9279,
                "user_id": 2518285,
                "user_type": "registered",
                "profile_image": "https://i.stack.imgur.com/sETWZ.jpg?s=256&g=1",
                "display_name": "Brett Donald",
                "link": "https://stackoverflow.com/users/2518285/brett-donald"
            },
            "badge_type": "named",
            "rank": "silver",
            "badge_id": 17,
            "link": "https://stackoverflow.com/badges/17/necromancer",
            "name": "Necromancer"
        },
        {
            "user": {
                "account_id": 4933250,
                "reputation": 4909,
                "user_id": 3972291,
                "user_type": "registered",
                "accept_rate": 100,
                "profile_image": "https://i.stack.imgur.com/2W0Iz.jpg?s=256&g=1",
                "display_name": "Enamul Haque",
                "link": "https://stackoverflow.com/users/3972291/enamul-haque"
            },
            "badge_type": "named",
            "rank": "silver",
            "badge_id": 17,
            "link": "https://stackoverflow.com/badges/17/necromancer",
            "name": "Necromancer"
        },
        {
            "user": {
                "account_id": 11898682,
                "reputation": 1511,
                "user_id": 8733066,
                "user_type": "registered",
                "profile_image": "https://lh4.googleusercontent.com/-qa3Wd9oo7MA/AAAAAAAAAAI/AAAAAAAACOo/KW8DPGJLEXs/photo.jpg?sz=256",
                "display_name": "bb1950328",
                "link": "https://stackoverflow.com/users/8733066/bb1950328"
            },
            "badge_type": "named",
            "rank": "silver",
            "badge_id": 17,
            "link": "https://stackoverflow.com/badges/17/necromancer",
            "name": "Necromancer"
        },
        {
            "user": {
                "account_id": 12973040,
                "reputation": 2004,
                "user_id": 9378077,
                "user_type": "registered",
                "profile_image": "https://i.stack.imgur.com/H9X2I.jpg?s=256&g=1",
                "display_name": "AH.Pooladvand",
                "link": "https://stackoverflow.com/users/9378077/ah-pooladvand"
            },
            "badge_type": "named",
            "rank": "silver",
            "badge_id": 17,
            "link": "https://stackoverflow.com/badges/17/necromancer",
            "name": "Necromancer"
        },
        {
            "user": {
                "account_id": 14373142,
                "reputation": 73,
                "user_id": 10382334,
                "user_type": "registered",
                "profile_image": "https://www.gravatar.com/avatar/9cb7d12971a1116d96de8c077f47914e?s=256&d=identicon&r=PG&f=y&so-version=2",
                "display_name": "noobsterCoder",
                "link": "https://stackoverflow.com/users/10382334/noobstercoder"
            },
            "badge_type": "named",
            "rank": "silver",
            "badge_id": 17,
            "link": "https://stackoverflow.com/badges/17/necromancer",
            "name": "Necromancer"
        },
        {
            "user": {
                "account_id": 12903696,
                "reputation": 19,
                "user_id": 9331628,
                "user_type": "registered",
                "profile_image": "https://www.gravatar.com/avatar/02e28fda9e934cabbe534188910c6ddd?s=256&d=identicon&r=PG&f=y&so-version=2",
                "display_name": "momoman",
                "link": "https://stackoverflow.com/users/9331628/momoman"
            },
            "badge_type": "named",
            "rank": "bronze",
            "badge_id": 38,
            "link": "https://stackoverflow.com/badges/38/peer-pressure",
            "name": "Peer Pressure"
        },
        {
            "user": {
                "account_id": 14771591,
                "reputation": 37,
                "user_id": 10667884,
                "user_type": "registered",
                "profile_image": "https://www.gravatar.com/avatar/bc0601ab10ef1abc29a68f352f5aeac1?s=256&d=identicon&r=PG&f=y&so-version=2",
                "display_name": "F.Dunbar",
                "link": "https://stackoverflow.com/users/10667884/f-dunbar"
            },
            "badge_type": "named",
            "rank": "bronze",
            "badge_id": 26,
            "link": "https://stackoverflow.com/badges/26/popular-question",
            "name": "Popular Question"
        },
        {
            "user": {
                "account_id": 17805632,
                "reputation": 65,
                "user_id": 12931407,
                "user_type": "registered",
                "profile_image": "https://lh3.googleusercontent.com/a-/AAuE7mAvHkhZ-imfvbX8hxeLGRlscF3QdbBgUj390FhxUQ=k-s256",
                "display_name": "Stefan Mihajlović",
                "link": "https://stackoverflow.com/users/12931407/stefan-mihajlovi%c4%87"
            },
            "badge_type": "named",
            "rank": "bronze",
            "badge_id": 26,
            "link": "https://stackoverflow.com/badges/26/popular-question",
            "name": "Popular Question"
        },
        {
            "user": {
                "account_id": 20785514,
                "reputation": 137,
                "user_id": 15264820,
                "user_type": "registered",
                "profile_image": "https://i.stack.imgur.com/mDsxh.jpg?s=256&g=1",
                "display_name": "Vidushika Dasanayka",
                "link": "https://stackoverflow.com/users/15264820/vidushika-dasanayka"
            },
            "badge_type": "named",
            "rank": "bronze",
            "badge_id": 26,
            "link": "https://stackoverflow.com/badges/26/popular-question",
            "name": "Popular Question"
        },
        {
            "user": {
                "account_id": 258291,
                "reputation": 793,
                "user_id": 540370,
                "user_type": "registered",
                "profile_image": "https://i.stack.imgur.com/E0RDe.jpg?s=256&g=1",
                "display_name": "gianpaolo",
                "link": "https://stackoverflow.com/users/540370/gianpaolo"
            },
            "badge_type": "named",
            "rank": "bronze",
            "badge_id": 26,
            "link": "https://stackoverflow.com/badges/26/popular-question",
            "name": "Popular Question"
        },
        {
            "user": {
                "account_id": 24128441,
                "reputation": 3,
                "user_id": 18096367,
                "user_type": "registered",
                "profile_image": "https://lh3.googleusercontent.com/a-/AOh14GicuL0LSiPP0tV8jI_xwPqopqfWVl5lN51fJN9_pA=k-s256",
                "display_name": "i carvin",
                "link": "https://stackoverflow.com/users/18096367/i-carvin"
            },
            "badge_type": "named",
            "rank": "bronze",
            "badge_id": 26,
            "link": "https://stackoverflow.com/badges/26/popular-question",
            "name": "Popular Question"
        },
        {
            "user": {
                "account_id": 303471,
                "reputation": 11564,
                "user_id": 612428,
                "user_type": "registered",
                "accept_rate": 56,
                "profile_image": "https://www.gravatar.com/avatar/31c9b729e9a4d9b8362b32f57c758766?s=256&d=identicon&r=PG&f=y&so-version=2",
                "display_name": "Lanston",
                "link": "https://stackoverflow.com/users/612428/lanston"
            },
            "badge_type": "named",
            "rank": "bronze",
            "badge_id": 26,
            "link": "https://stackoverflow.com/badges/26/popular-question",
            "name": "Popular Question"
        },
        {
            "user": {
                "account_id": 8135427,
                "reputation": 3139,
                "user_id": 6127225,
                "user_type": "registered",
                "accept_rate": 48,
                "profile_image": "https://i.stack.imgur.com/4xYkH.jpg?s=256&g=1",
                "display_name": "Ryan Cocuzzo",
                "link": "https://stackoverflow.com/users/6127225/ryan-cocuzzo"
            },
            "badge_type": "named",
            "rank": "bronze",
            "badge_id": 26,
            "link": "https://stackoverflow.com/badges/26/popular-question",
            "name": "Popular Question"
        },
        {
            "user": {
                "account_id": 8968143,
                "reputation": 55,
                "user_id": 6687847,
                "user_type": "registered",
                "accept_rate": 100,
                "profile_image": "https://www.gravatar.com/avatar/162f5353326e7d02bd820c700ccdf27f?s=256&d=identicon&r=PG&f=y&so-version=2",
                "display_name": "geedee",
                "link": "https://stackoverflow.com/users/6687847/geedee"
            },
            "badge_type": "named",
            "rank": "bronze",
            "badge_id": 26,
            "link": "https://stackoverflow.com/badges/26/popular-question",
            "name": "Popular Question"
        },
        {
            "user": {
                "account_id": 4199716,
                "reputation": 823,
                "user_id": 3440145,
                "user_type": "registered",
                "accept_rate": 58,
                "profile_image": "https://www.gravatar.com/avatar/eb19e3923901dce343d4abd86cd06680?s=256&d=identicon&r=PG&f=y&so-version=2",
                "display_name": "user3440145",
                "link": "https://stackoverflow.com/users/3440145/user3440145"
            },
            "badge_type": "named",
            "rank": "bronze",
            "badge_id": 26,
            "link": "https://stackoverflow.com/badges/26/popular-question",
            "name": "Popular Question"
        },
        {
            "user": {
                "account_id": 5279636,
                "reputation": 27,
                "user_id": 4215430,
                "user_type": "registered",
                "accept_rate": 0,
                "profile_image": "https://www.gravatar.com/avatar/3f61d134c0caea406a09489305db0c81?s=256&d=identicon&r=PG&f=y&so-version=2",
                "display_name": "user4215430",
                "link": "https://stackoverflow.com/users/4215430/user4215430"
            },
            "badge_type": "named",
            "rank": "bronze",
            "badge_id": 26,
            "link": "https://stackoverflow.com/badges/26/popular-question",
            "name": "Popular Question"
        },
        {
            "user": {
                "account_id": 1071286,
                "reputation": 85,
                "user_id": 1070483,
                "user_type": "registered",
                "accept_rate": 100,
                "profile_image": "https://i.stack.imgur.com/VhsDT.png?s=256&g=1",
                "display_name": "brandonio21",
                "link": "https://stackoverflow.com/users/1070483/brandonio21"
            },
            "badge_type": "named",
            "rank": "bronze",
            "badge_id": 26,
            "link": "https://stackoverflow.com/badges/26/popular-question",
            "name": "Popular Question"
        },
        {
            "user": {
                "account_id": 12684169,
                "reputation": 59,
                "user_id": 9216647,
                "user_type": "registered",
                "profile_image": "https://graph.facebook.com/10215033441444440/picture?type=large",
                "display_name": "Martin Skovmand",
                "link": "https://stackoverflow.com/users/9216647/martin-skovmand"
            },
            "badge_type": "named",
            "rank": "bronze",
            "badge_id": 26,
            "link": "https://stackoverflow.com/badges/26/popular-question",
            "name": "Popular Question"
        },
        {
            "user": {
                "account_id": 1394768,
                "reputation": 1864,
                "user_id": 1324765,
                "user_type": "registered",
                "accept_rate": 46,
                "profile_image": "https://www.gravatar.com/avatar/49dbfd8834d69e780c017b8dc9e391e0?s=256&d=identicon&r=PG",
                "display_name": "ZelelB",
                "link": "https://stackoverflow.com/users/1324765/zelelb"
            },
            "badge_type": "named",
            "rank": "bronze",
            "badge_id": 26,
            "link": "https://stackoverflow.com/badges/26/popular-question",
            "name": "Popular Question"
        },
        {
            "user": {
                "account_id": 29033737,
                "reputation": 13,
                "user_id": 22240105,
                "user_type": "registered",
                "profile_image": "https://lh3.googleusercontent.com/a/AAcHTtdikVXKJ2hgH8wiYsH8HgVZCx1tOJBhpDZ2Rk_IkBGa=k-s256",
                "display_name": "Arman TabibZadeh",
                "link": "https://stackoverflow.com/users/22240105/arman-tabibzadeh"
            },
            "badge_type": "named",
            "rank": "bronze",
            "badge_id": 10,
            "link": "https://stackoverflow.com/badges/10/scholar",
            "name": "Scholar"
        }
    ],
    "has_more": true,
    "quota_max": 300,
    "quota_remaining": 269
}

  Given user call the get endpoint to get badges "ALL" for 'recipients' # com.example.stackExchange.stepdefs.GeneralSteps.usercallthegetendpointtotogetbadges(java.lang.String,java.lang.String)
  Then user receive a 200 HTTP response                                 # com.example.stackExchange.stepdefs.GeneralSteps.userreceivehttpresponse(java.lang.Integer)

@BadgesAPI @HappyPath
Scenario Outline: Get badges recently awarded on the site.              # src/test/resources/cucumber.features/GetRecipients.feature:11
07-02-2024 14:45:37.282 ?[35m[Test worker]?[0;39m ?[34mINFO ?[0;39m c.e.s.filter.RestAssuredLogFilter.logRequest - ## Request details: [d29a340a-0953-417a-882d-b24c776dd988] ##
Request method:	GET
Request path:	https://api.stackexchange.com/2.3/badges/263/recipients?site=stackoverflow
Request params:	<none>
Query params:	site=stackoverflow
Path params:	<none>
Headers:		Accept=*/*
Body:			<none>
07-02-2024 14:45:37.290 ?[35m[Test worker]?[0;39m ?[34mINFO ?[0;39m c.e.s.filter.RestAssuredLogFilter.logResponse - ## Response details: [d29a340a-0953-417a-882d-b24c776dd988] ##
HTTP/1.1 200 OK
cache-control: private
content-length: 2198
content-type: application/json; charset=utf-8
content-encoding: gzip
strict-transport-security: max-age=15552000
access-control-allow-origin: *
access-control-allow-methods: GET, POST
access-control-allow-credentials: false
x-content-type-options: nosniff
x-request-guid: 1e4b44c7-9a66-4083-bfe0-6c0d0419a6a7
set-cookie: prov=bbe733d6-3651-404d-963a-16af90500178; expires=Fri, 07 Feb 2025 09:15:37 GMT; domain=.stackexchange.com; path=/; secure; samesite=none; httponly
content-security-policy: upgrade-insecure-requests; frame-ancestors 'self' https://stackexchange.com
date: Wed, 07 Feb 2024 09:15:37 GMT
prov=bbe733d6-3651-404d-963a-16af90500178;Path=/;Domain=.stackexchange.com;Secure;HttpOnly;Expires=07/02/2025, 09:15{
    "items": [
        {
            "user": {
                "account_id": 2527500,
                "reputation": 7308,
                "user_id": 2196561,
                "user_type": "registered",
                "profile_image": "https://www.gravatar.com/avatar/ac22ef3edb7836c3af11f5511f7942f8?s=256&d=identicon&r=PG",
                "display_name": "Ebbe M. Pedersen",
                "link": "https://stackoverflow.com/users/2196561/ebbe-m-pedersen"
            },
            "badge_type": "tag_based",
            "rank": "bronze",
            "badge_id": 263,
            "link": "https://stackoverflow.com/badges/263/cryptography",
            "name": "cryptography"
        },
        {
            "user": {
                "account_id": 164368,
                "reputation": 105346,
                "user_id": 387076,
                "user_type": "registered",
                "accept_rate": 47,
                "profile_image": "https://i.stack.imgur.com/cFyP6.jpg?s=256&g=1",
                "display_name": "Gilles &#39;SO- stop being evil&#39;",
                "link": "https://stackoverflow.com/users/387076/gilles-so-stop-being-evil"
            },
            "badge_type": "tag_based",
            "rank": "bronze",
            "badge_id": 263,
            "link": "https://stackoverflow.com/badges/263/cryptography",
            "name": "cryptography"
        },
        {
            "user": {
                "account_id": 74808,
                "reputation": 78865,
                "user_id": 214790,
                "user_type": "registered",
                "profile_image": "https://www.gravatar.com/avatar/f878c8230342730990acd21f889301d4?s=256&d=identicon&r=PG",
                "display_name": "matt",
                "link": "https://stackoverflow.com/users/214790/matt"
            },
            "badge_type": "tag_based",
            "rank": "bronze",
            "badge_id": 263,
            "link": "https://stackoverflow.com/badges/263/cryptography",
            "name": "cryptography"
        },
        {
            "user": {
                "account_id": 899926,
                "reputation": 5190,
                "user_id": 1820553,
                "user_type": "registered",
                "profile_image": "https://lh4.googleusercontent.com/-NZb6uZzo4Gg/AAAAAAAAAAI/AAAAAAAAAo0/xTr6RvgMTRw/photo.jpg?sz=256",
                "display_name": "kelalaka",
                "link": "https://stackoverflow.com/users/1820553/kelalaka"
            },
            "badge_type": "tag_based",
            "rank": "bronze",
            "badge_id": 263,
            "link": "https://stackoverflow.com/badges/263/cryptography",
            "name": "cryptography"
        },
        {
            "user": {
                "account_id": 12359353,
                "reputation": 43710,
                "user_id": 9014097,
                "user_type": "registered",
                "profile_image": "https://i.stack.imgur.com/Y9EVM.jpg?s=256&g=1",
                "display_name": "Topaco",
                "link": "https://stackoverflow.com/users/9014097/topaco"
            },
            "badge_type": "tag_based",
            "rank": "bronze",
            "badge_id": 263,
            "link": "https://stackoverflow.com/badges/263/cryptography",
            "name": "cryptography"
        },
        {
            "user": {
                "account_id": 1903131,
                "reputation": 9647,
                "user_id": 1718554,
                "user_type": "registered",
                "accept_rate": 85,
                "profile_image": "https://i.stack.imgur.com/IJmBL.jpg?s=256&g=1",
                "display_name": "Luke Joshua Park",
                "link": "https://stackoverflow.com/users/1718554/luke-joshua-park"
            },
            "badge_type": "tag_based",
            "rank": "bronze",
            "badge_id": 263,
            "link": "https://stackoverflow.com/badges/263/cryptography",
            "name": "cryptography"
        },
        {
            "user": {
                "account_id": 154146,
                "reputation": 13714,
                "user_id": 369874,
                "user_type": "registered",
                "accept_rate": 100,
                "profile_image": "https://www.gravatar.com/avatar/81f310942fe5989105a6b474cda4c843?s=256&d=identicon&r=PG",
                "display_name": "Paul Kehrer",
                "link": "https://stackoverflow.com/users/369874/paul-kehrer"
            },
            "badge_type": "tag_based",
            "rank": "bronze",
            "badge_id": 263,
            "link": "https://stackoverflow.com/badges/263/cryptography",
            "name": "cryptography"
        },
        {
            "user": {
                "account_id": 155770,
                "reputation": 120563,
                "user_id": 372643,
                "user_type": "registered",
                "accept_rate": 88,
                "profile_image": "https://www.gravatar.com/avatar/63edcce213b4c96b8b4a660e1df2da08?s=256&d=identicon&r=PG",
                "display_name": "Bruno",
                "link": "https://stackoverflow.com/users/372643/bruno"
            },
            "badge_type": "tag_based",
            "rank": "bronze",
            "badge_id": 263,
            "link": "https://stackoverflow.com/badges/263/cryptography",
            "name": "cryptography"
        },
        {
            "user": {
                "account_id": 8497217,
                "reputation": 38102,
                "user_id": 6371459,
                "user_type": "registered",
                "accept_rate": 25,
                "profile_image": "https://i.stack.imgur.com/0DDLp.jpg?s=256&g=1",
                "display_name": "pedrofb",
                "link": "https://stackoverflow.com/users/6371459/pedrofb"
            },
            "badge_type": "tag_based",
            "rank": "bronze",
            "badge_id": 263,
            "link": "https://stackoverflow.com/badges/263/cryptography",
            "name": "cryptography"
        },
        {
            "user": {
                "account_id": 178805,
                "reputation": 49604,
                "user_id": 411022,
                "user_type": "registered",
                "profile_image": "https://i.stack.imgur.com/VIYKv.png?s=256&g=1",
                "display_name": "Ilmari Karonen",
                "link": "https://stackoverflow.com/users/411022/ilmari-karonen"
            },
            "badge_type": "tag_based",
            "rank": "bronze",
            "badge_id": 263,
            "link": "https://stackoverflow.com/badges/263/cryptography",
            "name": "cryptography"
        },
        {
            "user": {
                "account_id": 955548,
                "reputation": 3479,
                "user_id": 980922,
                "user_type": "registered",
                "accept_rate": 62,
                "profile_image": "https://www.gravatar.com/avatar/113cac87e662e7150d6d48eb3efac502?s=256&d=identicon&r=PG",
                "display_name": "imichaelmiers",
                "link": "https://stackoverflow.com/users/980922/imichaelmiers"
            },
            "badge_type": "tag_based",
            "rank": "bronze",
            "badge_id": 263,
            "link": "https://stackoverflow.com/badges/263/cryptography",
            "name": "cryptography"
        },
        {
            "user": {
                "account_id": 3421244,
                "reputation": 36403,
                "user_id": 2868801,
                "user_type": "registered",
                "profile_image": "https://www.gravatar.com/avatar/3f265dbe3edef5d671947a604f7171bf?s=256&d=identicon&r=PG&f=y&so-version=2",
                "display_name": "dave_thompson_085",
                "link": "https://stackoverflow.com/users/2868801/dave-thompson-085"
            },
            "badge_type": "tag_based",
            "rank": "bronze",
            "badge_id": 263,
            "link": "https://stackoverflow.com/badges/263/cryptography",
            "name": "cryptography"
        },
        {
            "user": {
                "account_id": 34424,
                "reputation": 290396,
                "user_id": 97337,
                "user_type": "registered",
                "accept_rate": 100,
                "profile_image": "https://www.gravatar.com/avatar/ed9a0d8cd44b62539b141f6c10405db1?s=256&d=identicon&r=PG",
                "display_name": "Rob Napier",
                "link": "https://stackoverflow.com/users/97337/rob-napier"
            },
            "badge_type": "tag_based",
            "rank": "bronze",
            "badge_id": 263,
            "link": "https://stackoverflow.com/badges/263/cryptography",
            "name": "cryptography"
        },
        {
            "user": {
                "account_id": 50968,
                "reputation": 8295,
                "user_id": 152148,
                "user_type": "registered",
                "accept_rate": 80,
                "profile_image": "https://www.gravatar.com/avatar/18dc6b2a4bd8184afd75f9fb995bf260?s=256&d=identicon&r=PG&f=y&so-version=2",
                "display_name": "Jack Lloyd",
                "link": "https://stackoverflow.com/users/152148/jack-lloyd"
            },
            "badge_type": "tag_based",
            "rank": "bronze",
            "badge_id": 263,
            "link": "https://stackoverflow.com/badges/263/cryptography",
            "name": "cryptography"
        },
        {
            "user": {
                "account_id": 223210,
                "reputation": 7686,
                "user_id": 482262,
                "user_type": "registered",
                "profile_image": "https://i.stack.imgur.com/gu30Y.jpg?s=256&g=1",
                "display_name": "SquareRootOfTwentyThree",
                "link": "https://stackoverflow.com/users/482262/squarerootoftwentythree"
            },
            "badge_type": "tag_based",
            "rank": "bronze",
            "badge_id": 263,
            "link": "https://stackoverflow.com/badges/263/cryptography",
            "name": "cryptography"
        },
        {
            "user": {
                "account_id": 60200,
                "reputation": 481659,
                "user_id": 179910,
                "user_type": "registered",
                "profile_image": "https://www.gravatar.com/avatar/d8962238339d771f0348967be6f97b1b?s=256&d=identicon&r=PG",
                "display_name": "Jerry Coffin",
                "link": "https://stackoverflow.com/users/179910/jerry-coffin"
            },
            "badge_type": "tag_based",
            "rank": "bronze",
            "badge_id": 263,
            "link": "https://stackoverflow.com/badges/263/cryptography",
            "name": "cryptography"
        },
        {
            "user": {
                "account_id": 8737108,
                "reputation": 31155,
                "user_id": 6535399,
                "user_type": "registered",
                "profile_image": "https://i.stack.imgur.com/x5vsS.jpg?s=256&g=1",
                "display_name": "bartonjs",
                "link": "https://stackoverflow.com/users/6535399/bartonjs"
            },
            "badge_type": "tag_based",
            "rank": "bronze",
            "badge_id": 263,
            "link": "https://stackoverflow.com/badges/263/cryptography",
            "name": "cryptography"
        },
        {
            "user": {
                "account_id": 301110,
                "reputation": 99433,
                "user_id": 608639,
                "user_type": "registered",
                "accept_rate": 64,
                "profile_image": "https://i.stack.imgur.com/aPIhh.jpg?s=256&g=1",
                "display_name": "jww",
                "link": "https://stackoverflow.com/users/608639/jww"
            },
            "badge_type": "tag_based",
            "rank": "bronze",
            "badge_id": 263,
            "link": "https://stackoverflow.com/badges/263/cryptography",
            "name": "cryptography"
        },
        {
            "user": {
                "account_id": 362760,
                "reputation": 10207,
                "user_id": 706119,
                "user_type": "registered",
                "profile_image": "https://www.gravatar.com/avatar/f445ccf3d91c8f3b19b0ba4d8ba1e702?s=256&d=identicon&r=PG",
                "display_name": "DarkSquirrel42",
                "link": "https://stackoverflow.com/users/706119/darksquirrel42"
            },
            "badge_type": "tag_based",
            "rank": "bronze",
            "badge_id": 263,
            "link": "https://stackoverflow.com/badges/263/cryptography",
            "name": "cryptography"
        },
        {
            "user": {
                "account_id": 203680,
                "reputation": 112158,
                "user_id": 451475,
                "user_type": "registered",
                "accept_rate": 100,
                "profile_image": "https://www.gravatar.com/avatar/a632afa4c11779c0cabd7df04eb26ba6?s=256&d=identicon&r=PG",
                "display_name": "zaph",
                "link": "https://stackoverflow.com/users/451475/zaph"
            },
            "badge_type": "tag_based",
            "rank": "bronze",
            "badge_id": 263,
            "link": "https://stackoverflow.com/badges/263/cryptography",
            "name": "cryptography"
        },
        {
            "user": {
                "account_id": 2564038,
                "reputation": 33840,
                "user_id": 2224584,
                "user_type": "registered",
                "accept_rate": 83,
                "profile_image": "https://i.stack.imgur.com/gbVrH.png?s=256&g=1",
                "display_name": "Scott Arciszewski",
                "link": "https://stackoverflow.com/users/2224584/scott-arciszewski"
            },
            "badge_type": "tag_based",
            "rank": "bronze",
            "badge_id": 263,
            "link": "https://stackoverflow.com/badges/263/cryptography",
            "name": "cryptography"
        },
        {
            "user": {
                "account_id": 2033317,
                "reputation": 61413,
                "user_id": 1816580,
                "user_type": "registered",
                "profile_image": "https://www.gravatar.com/avatar/f30e6b41f1e2bd48b058e8e72c1f0f57?s=256&d=identicon&r=PG",
                "display_name": "Artjom B.",
                "link": "https://stackoverflow.com/users/1816580/artjom-b"
            },
            "badge_type": "tag_based",
            "rank": "bronze",
            "badge_id": 263,
            "link": "https://stackoverflow.com/badges/263/cryptography",
            "name": "cryptography"
        },
        {
            "user": {
                "account_id": 161079,
                "reputation": 23531,
                "user_id": 381588,
                "user_type": "registered",
                "profile_image": "https://www.gravatar.com/avatar/5cff6fe4f2e32e4ae131e65a0fda7f88?s=256&d=identicon&r=PG",
                "display_name": "Iridium",
                "link": "https://stackoverflow.com/users/381588/iridium"
            },
            "badge_type": "tag_based",
            "rank": "bronze",
            "badge_id": 263,
            "link": "https://stackoverflow.com/badges/263/cryptography",
            "name": "cryptography"
        },
        {
            "user": {
                "account_id": 2821163,
                "reputation": 5724,
                "user_id": 2424896,
                "user_type": "registered",
                "profile_image": "https://www.gravatar.com/avatar/ca89cd2050b8c0c5c5cb8966dbe99b6e?s=256&d=identicon&r=PG",
                "display_name": "ntoskrnl",
                "link": "https://stackoverflow.com/users/2424896/ntoskrnl"
            },
            "badge_type": "tag_based",
            "rank": "bronze",
            "badge_id": 263,
            "link": "https://stackoverflow.com/badges/263/cryptography",
            "name": "cryptography"
        },
        {
            "user": {
                "account_id": 218057,
                "reputation": 68028,
                "user_id": 474189,
                "user_type": "registered",
                "accept_rate": 72,
                "profile_image": "https://www.gravatar.com/avatar/32b712ec4f7dcc2e8a6907b9903aa8ba?s=256&d=identicon&r=PG",
                "display_name": "Duncan Jones",
                "link": "https://stackoverflow.com/users/474189/duncan-jones"
            },
            "badge_type": "tag_based",
            "rank": "bronze",
            "badge_id": 263,
            "link": "https://stackoverflow.com/badges/263/cryptography",
            "name": "cryptography"
        },
        {
            "user": {
                "account_id": 319817,
                "reputation": 31538,
                "user_id": 637783,
                "user_type": "registered",
                "accept_rate": 100,
                "profile_image": "https://www.gravatar.com/avatar/ec2aae51f1bd526a20c04158ba5c7b62?s=256&d=identicon&r=PG",
                "display_name": "jbtule",
                "link": "https://stackoverflow.com/users/637783/jbtule"
            },
            "badge_type": "tag_based",
            "rank": "bronze",
            "badge_id": 263,
            "link": "https://stackoverflow.com/badges/263/cryptography",
            "name": "cryptography"
        },
        {
            "user": {
                "account_id": 434266,
                "reputation": 15514,
                "user_id": 820127,
                "user_type": "registered",
                "profile_image": "https://www.gravatar.com/avatar/81f8fffeec4f2ba3e75aebe941e4e5dd?s=256&d=identicon&r=PG",
                "display_name": "rossum",
                "link": "https://stackoverflow.com/users/820127/rossum"
            },
            "badge_type": "tag_based",
            "rank": "bronze",
            "badge_id": 263,
            "link": "https://stackoverflow.com/badges/263/cryptography",
            "name": "cryptography"
        },
        {
            "user": {
                "account_id": 11683,
                "reputation": 1447248,
                "user_id": 22656,
                "user_type": "registered",
                "accept_rate": 86,
                "profile_image": "https://www.gravatar.com/avatar/6d8ebb117e8d83d74ea95fbdd0f87e13?s=256&d=identicon&r=PG",
                "display_name": "Jon Skeet",
                "link": "https://stackoverflow.com/users/22656/jon-skeet"
            },
            "badge_type": "tag_based",
            "rank": "bronze",
            "badge_id": 263,
            "link": "https://stackoverflow.com/badges/263/cryptography",
            "name": "cryptography"
        },
        {
            "user": {
                "account_id": 199923,
                "reputation": 107304,
                "user_id": 445517,
                "user_type": "registered",
                "accept_rate": 43,
                "profile_image": "https://www.gravatar.com/avatar/57e2ba76e6290c4e9e19821a068bc8c1?s=256&d=identicon&r=PG",
                "display_name": "CodesInChaos",
                "link": "https://stackoverflow.com/users/445517/codesinchaos"
            },
            "badge_type": "tag_based",
            "rank": "bronze",
            "badge_id": 263,
            "link": "https://stackoverflow.com/badges/263/cryptography",
            "name": "cryptography"
        },
        {
            "user": {
                "account_id": 288696,
                "reputation": 91531,
                "user_id": 589259,
                "user_type": "registered",
                "accept_rate": 82,
                "profile_image": "https://i.stack.imgur.com/vJbKg.jpg?s=256&g=1",
                "display_name": "Maarten Bodewes",
                "link": "https://stackoverflow.com/users/589259/maarten-bodewes"
            },
            "badge_type": "tag_based",
            "rank": "bronze",
            "badge_id": 263,
            "link": "https://stackoverflow.com/badges/263/cryptography",
            "name": "cryptography"
        }
    ],
    "has_more": true,
    "quota_max": 300,
    "quota_remaining": 268
}

  Given user call the get endpoint to get badges "263" for 'recipients' # com.example.stackExchange.stepdefs.GeneralSteps.usercallthegetendpointtotogetbadges(java.lang.String,java.lang.String)
  Then user receive a 200 HTTP response                                 # com.example.stackExchange.stepdefs.GeneralSteps.userreceivehttpresponse(java.lang.Integer)

@BadgesAPI @UnhappyPath
Scenario Outline: To verify get badges endpoint returns error response for incorrect badge id for recipients # src/test/resources/cucumber.features/GetRecipients.feature:20
07-02-2024 14:45:38.932 ?[35m[Test worker]?[0;39m ?[34mINFO ?[0;39m c.e.s.filter.RestAssuredLogFilter.logRequest - ## Request details: [1e49cae6-5c30-45b5-b2dd-e0f948aa2224] ##
Request method:	GET
Request path:	https://api.stackexchange.com/2.3/badges/101rf/recipients?site=stackoverflow
Request params:	<none>
Query params:	site=stackoverflow
Path params:	<none>
Headers:		Accept=*/*
Body:			<none>
07-02-2024 14:45:38.934 ?[35m[Test worker]?[0;39m ?[34mINFO ?[0;39m c.e.s.filter.RestAssuredLogFilter.logResponse - ## Response details: [1e49cae6-5c30-45b5-b2dd-e0f948aa2224] ##
HTTP/1.1 400 Bad Request
cache-control: private
content-length: 97
content-type: application/json; charset=utf-8
content-encoding: gzip
strict-transport-security: max-age=15552000
x-error-status: 404
x-error-name: no_method
x-error-message: no method found with this name
access-control-allow-origin: *
access-control-allow-methods: GET, POST
access-control-allow-credentials: false
x-content-type-options: nosniff
x-request-guid: 0b1e4e0f-fd6b-41ab-8816-3c9d78ed1e2a
set-cookie: prov=175acd64-99ba-432d-bbbd-2a11920fd04f; expires=Fri, 07 Feb 2025 09:15:38 GMT; domain=.stackexchange.com; path=/; secure; samesite=none; httponly
content-security-policy: upgrade-insecure-requests; frame-ancestors 'self' https://stackexchange.com
date: Wed, 07 Feb 2024 09:15:38 GMT
prov=175acd64-99ba-432d-bbbd-2a11920fd04f;Path=/;Domain=.stackexchange.com;Secure;HttpOnly;Expires=07/02/2025, 09:15{
    "error_id": 404,
    "error_message": "no method found with this name",
    "error_name": "no_method"
}

  Given user call the get endpoint to get badges "101rf" for 'recipients'                                    # com.example.stackExchange.stepdefs.GeneralSteps.usercallthegetendpointtotogetbadges(java.lang.String,java.lang.String)
  Then user receive a 400 HTTP response                                                                      # com.example.stackExchange.stepdefs.GeneralSteps.userreceivehttpresponse(java.lang.Integer)

@BadgesAPI @UnhappyPath
Scenario Outline: To verify get badges endpoint returns error response for incorrect badge id for recipients # src/test/resources/cucumber.features/GetRecipients.feature:21
07-02-2024 14:45:40.559 ?[35m[Test worker]?[0;39m ?[34mINFO ?[0;39m c.e.s.filter.RestAssuredLogFilter.logRequest - ## Request details: [0e5deff7-a018-428d-b0ec-bcefd8195be6] ##
Request method:	GET
Request path:	https://api.stackexchange.com/2.3/badges%2F%2Frecipients?site=stackoverflow
Request params:	<none>
Query params:	site=stackoverflow
Path params:	<none>
Headers:		Accept=*/*
Body:			<none>
07-02-2024 14:45:40.566 ?[35m[Test worker]?[0;39m ?[34mINFO ?[0;39m c.e.s.filter.RestAssuredLogFilter.logResponse - ## Response details: [0e5deff7-a018-428d-b0ec-bcefd8195be6] ##
HTTP/1.1 400 Bad Request
cache-control: private
content-length: 97
content-type: application/json; charset=utf-8
content-encoding: gzip
strict-transport-security: max-age=15552000
x-error-status: 404
x-error-name: no_method
x-error-message: no method found with this name
access-control-allow-origin: *
access-control-allow-methods: GET, POST
access-control-allow-credentials: false
x-content-type-options: nosniff
x-request-guid: c39acab7-82a3-4319-91a5-db8b551c51f1
set-cookie: prov=16c7b08b-6b29-43ec-8b78-92bc5b419e7a; expires=Fri, 07 Feb 2025 09:15:40 GMT; domain=.stackexchange.com; path=/; secure; samesite=none; httponly
content-security-policy: upgrade-insecure-requests; frame-ancestors 'self' https://stackexchange.com
date: Wed, 07 Feb 2024 09:15:40 GMT
prov=16c7b08b-6b29-43ec-8b78-92bc5b419e7a;Path=/;Domain=.stackexchange.com;Secure;HttpOnly;Expires=07/02/2025, 09:15{
    "error_id": 404,
    "error_message": "no method found with this name",
    "error_name": "no_method"
}

  Given user call the get endpoint to get badges "" for 'recipients'                                         # com.example.stackExchange.stepdefs.GeneralSteps.usercallthegetendpointtotogetbadges(java.lang.String,java.lang.String)
  Then user receive a 400 HTTP response                                                                      # com.example.stackExchange.stepdefs.GeneralSteps.userreceivehttpresponse(java.lang.Integer)

@BadgesAPI @UnhappyPath
Scenario Outline: To verify get badges endpoint returns error response for incorrect badge id for recipients # src/test/resources/cucumber.features/GetRecipients.feature:32
07-02-2024 14:45:42.313 ?[35m[Test worker]?[0;39m ?[34mINFO ?[0;39m c.e.s.filter.RestAssuredLogFilter.logRequest - ## Request details: [9e9e0eac-8442-4b4e-b14a-c84715f50095] ##
Request method:	GET
Request path:	https://api.stackexchange.com/2.3/badges/109%20tr/recipients?site=stackoverflow
Request params:	<none>
Query params:	site=stackoverflow
Path params:	<none>
Headers:		Accept=*/*
Body:			<none>
07-02-2024 14:45:42.317 ?[35m[Test worker]?[0;39m ?[34mINFO ?[0;39m c.e.s.filter.RestAssuredLogFilter.logResponse - ## Response details: [9e9e0eac-8442-4b4e-b14a-c84715f50095] ##
HTTP/1.1 400 Bad Request
cache-control: private
content-length: 97
content-type: application/json; charset=utf-8
content-encoding: gzip
strict-transport-security: max-age=15552000
x-error-status: 404
x-error-name: no_method
x-error-message: no method found with this name
access-control-allow-origin: *
access-control-allow-methods: GET, POST
access-control-allow-credentials: false
x-content-type-options: nosniff
x-request-guid: 0bfb2bd1-54a0-4c70-9345-726b8d0ad284
set-cookie: prov=552f39f2-6389-4574-81b4-0e319b067f62; expires=Fri, 07 Feb 2025 09:15:42 GMT; domain=.stackexchange.com; path=/; secure; samesite=none; httponly
content-security-policy: upgrade-insecure-requests; frame-ancestors 'self' https://stackexchange.com
date: Wed, 07 Feb 2024 09:15:42 GMT
prov=552f39f2-6389-4574-81b4-0e319b067f62;Path=/;Domain=.stackexchange.com;Secure;HttpOnly;Expires=07/02/2025, 09:15{
    "error_id": 404,
    "error_message": "no method found with this name",
    "error_name": "no_method"
}

  Given user call the get endpoint to get badges "109 tr" for 'recipients'                                   # com.example.stackExchange.stepdefs.GeneralSteps.usercallthegetendpointtotogetbadges(java.lang.String,java.lang.String)
  Then user receive a 400 HTTP response                                                                      # com.example.stackExchange.stepdefs.GeneralSteps.userreceivehttpresponse(java.lang.Integer)
  And verify response parameters are available                                                               # com.example.stackExchange.stepdefs.GeneralSteps.verifyresponseparametersavailable(java.util.List<java.util.List<java.lang.String>>)
]]></system-out>
  <system-err><![CDATA[]]></system-err>
</testsuite>
